mode: atomic
github.com/fildenisov/test-task-ticker-price/delivery/http/middleware.go:9.35,11.2 1 0
github.com/fildenisov/test-task-ticker-price/delivery/http/middleware.go:13.70,14.40 1 0
github.com/fildenisov/test-task-ticker-price/delivery/http/middleware.go:14.40,21.22 3 0
github.com/fildenisov/test-task-ticker-price/delivery/http/middleware.go:25.3,26.18 2 0
github.com/fildenisov/test-task-ticker-price/delivery/http/middleware.go:21.22,23.4 1 0
github.com/fildenisov/test-task-ticker-price/internal/app/app.go:34.27,41.2 2 0
github.com/fildenisov/test-task-ticker-price/internal/app/app.go:44.48,53.41 5 0
github.com/fildenisov/test-task-ticker-price/internal/app/app.go:66.2,67.12 2 0
github.com/fildenisov/test-task-ticker-price/internal/app/app.go:79.2,79.9 1 0
github.com/fildenisov/test-task-ticker-price/internal/app/app.go:53.41,55.30 1 0
github.com/fildenisov/test-task-ticker-price/internal/app/app.go:55.30,63.4 3 0
github.com/fildenisov/test-task-ticker-price/internal/app/app.go:67.12,68.30 1 0
github.com/fildenisov/test-task-ticker-price/internal/app/app.go:76.3,76.21 1 0
github.com/fildenisov/test-task-ticker-price/internal/app/app.go:68.30,70.49 2 0
github.com/fildenisov/test-task-ticker-price/internal/app/app.go:70.49,73.5 2 0
github.com/fildenisov/test-task-ticker-price/internal/app/app.go:80.20,81.32 1 0
github.com/fildenisov/test-task-ticker-price/internal/app/app.go:82.22,83.13 1 0
github.com/fildenisov/test-task-ticker-price/internal/app/app.go:84.14,85.13 1 0
github.com/fildenisov/test-task-ticker-price/internal/app/app.go:90.47,94.12 3 0
github.com/fildenisov/test-task-ticker-price/internal/app/app.go:105.2,105.9 1 0
github.com/fildenisov/test-task-ticker-price/internal/app/app.go:94.12,96.30 2 0
github.com/fildenisov/test-task-ticker-price/internal/app/app.go:102.3,102.21 1 0
github.com/fildenisov/test-task-ticker-price/internal/app/app.go:96.30,98.48 2 0
github.com/fildenisov/test-task-ticker-price/internal/app/app.go:98.48,100.5 1 0
github.com/fildenisov/test-task-ticker-price/internal/app/app.go:106.20,107.35 1 0
github.com/fildenisov/test-task-ticker-price/internal/app/app.go:108.22,109.17 1 0
github.com/fildenisov/test-task-ticker-price/internal/app/app.go:112.3,112.13 1 0
github.com/fildenisov/test-task-ticker-price/internal/app/app.go:109.17,111.4 1 0
github.com/fildenisov/test-task-ticker-price/domain/aggregator/bar.go:20.56,22.16 2 8002
github.com/fildenisov/test-task-ticker-price/domain/aggregator/bar.go:27.2,30.12 3 8001
github.com/fildenisov/test-task-ticker-price/domain/aggregator/bar.go:22.16,24.3 1 1
github.com/fildenisov/test-task-ticker-price/domain/aggregator/bar.go:46.80,57.2 3 4
github.com/fildenisov/test-task-ticker-price/domain/aggregator/bar.go:60.36,65.32 2 36
github.com/fildenisov/test-task-ticker-price/domain/aggregator/bar.go:71.2,71.32 1 36
github.com/fildenisov/test-task-ticker-price/domain/aggregator/bar.go:75.2,75.27 1 36
github.com/fildenisov/test-task-ticker-price/domain/aggregator/bar.go:65.32,67.3 1 2
github.com/fildenisov/test-task-ticker-price/domain/aggregator/bar.go:67.8,69.3 1 34
github.com/fildenisov/test-task-ticker-price/domain/aggregator/bar.go:71.32,73.3 1 35
github.com/fildenisov/test-task-ticker-price/domain/aggregator/bar.go:79.36,82.32 2 8033
github.com/fildenisov/test-task-ticker-price/domain/aggregator/bar.go:99.2,99.12 1 4
github.com/fildenisov/test-task-ticker-price/domain/aggregator/bar.go:82.32,83.14 1 9019
github.com/fildenisov/test-task-ticker-price/domain/aggregator/bar.go:88.3,88.30 1 9019
github.com/fildenisov/test-task-ticker-price/domain/aggregator/bar.go:93.3,93.29 1 1022
github.com/fildenisov/test-task-ticker-price/domain/aggregator/bar.go:96.3,96.8 1 990
github.com/fildenisov/test-task-ticker-price/domain/aggregator/bar.go:83.14,85.4 1 221
github.com/fildenisov/test-task-ticker-price/domain/aggregator/bar.go:88.30,90.4 1 7997
github.com/fildenisov/test-task-ticker-price/domain/aggregator/bar.go:93.29,95.4 1 32
github.com/fildenisov/test-task-ticker-price/domain/aggregator/bar.go:102.78,103.25 1 4
github.com/fildenisov/test-task-ticker-price/domain/aggregator/bar.go:103.25,108.15 5 8000
github.com/fildenisov/test-task-ticker-price/domain/aggregator/bar.go:112.3,115.17 3 8000
github.com/fildenisov/test-task-ticker-price/domain/aggregator/bar.go:108.15,110.4 1 21
github.com/fildenisov/test-task-ticker-price/domain/aggregator/bar.go:115.17,122.4 2 0
github.com/fildenisov/test-task-ticker-price/domain/aggregator/bar.go:127.31,129.12 2 4
github.com/fildenisov/test-task-ticker-price/domain/aggregator/bar.go:129.12,131.7 2 4
github.com/fildenisov/test-task-ticker-price/domain/aggregator/bar.go:131.7,132.11 1 37
github.com/fildenisov/test-task-ticker-price/domain/aggregator/bar.go:133.23,134.11 1 4
github.com/fildenisov/test-task-ticker-price/domain/aggregator/bar.go:135.25,140.17 5 33
github.com/fildenisov/test-task-ticker-price/domain/aggregator/bar.go:143.5,143.16 1 33
github.com/fildenisov/test-task-ticker-price/domain/aggregator/bar.go:140.17,142.6 1 15
github.com/fildenisov/test-task-ticker-price/domain/aggregator/bar.go:149.30,152.2 2 4
github.com/fildenisov/test-task-ticker-price/delivery/http/http.go:25.58,39.2 3 0
github.com/fildenisov/test-task-ticker-price/delivery/http/http.go:42.51,48.12 5 0
github.com/fildenisov/test-task-ticker-price/delivery/http/http.go:54.2,54.9 1 0
github.com/fildenisov/test-task-ticker-price/delivery/http/http.go:48.12,49.84 1 0
github.com/fildenisov/test-task-ticker-price/delivery/http/http.go:49.84,51.4 1 0
github.com/fildenisov/test-task-ticker-price/delivery/http/http.go:55.22,56.13 1 0
github.com/fildenisov/test-task-ticker-price/delivery/http/http.go:57.40,58.13 1 0
github.com/fildenisov/test-task-ticker-price/delivery/http/http.go:63.46,66.12 3 0
github.com/fildenisov/test-task-ticker-price/delivery/http/http.go:72.2,72.9 1 0
github.com/fildenisov/test-task-ticker-price/delivery/http/http.go:66.12,67.42 1 0
github.com/fildenisov/test-task-ticker-price/delivery/http/http.go:67.42,69.4 1 0
github.com/fildenisov/test-task-ticker-price/delivery/http/http.go:73.22,74.13 1 0
github.com/fildenisov/test-task-ticker-price/delivery/http/http.go:75.39,76.13 1 0
github.com/fildenisov/test-task-ticker-price/delivery/http/health.go:19.47,26.2 2 0
github.com/fildenisov/test-task-ticker-price/delivery/http/route.go:10.30,14.2 3 0
github.com/fildenisov/test-task-ticker-price/delivery/http/bars.go:18.45,23.16 4 0
github.com/fildenisov/test-task-ticker-price/delivery/http/bars.go:27.2,29.9 2 0
github.com/fildenisov/test-task-ticker-price/delivery/http/bars.go:33.2,34.23 2 0
github.com/fildenisov/test-task-ticker-price/delivery/http/bars.go:41.2,41.47 1 0
github.com/fildenisov/test-task-ticker-price/delivery/http/bars.go:23.16,25.3 1 0
github.com/fildenisov/test-task-ticker-price/delivery/http/bars.go:29.9,31.3 1 0
github.com/fildenisov/test-task-ticker-price/delivery/http/bars.go:34.23,39.3 1 0
github.com/fildenisov/test-task-ticker-price/delivery/http/utils.go:8.75,11.16 2 0
github.com/fildenisov/test-task-ticker-price/delivery/http/utils.go:15.2,15.39 1 0
github.com/fildenisov/test-task-ticker-price/delivery/http/utils.go:19.2,19.12 1 0
github.com/fildenisov/test-task-ticker-price/delivery/http/utils.go:11.16,13.3 1 0
github.com/fildenisov/test-task-ticker-price/delivery/http/utils.go:15.39,17.3 1 0
github.com/fildenisov/test-task-ticker-price/domain/aggregator/aggregator.go:25.34,33.2 2 1
github.com/fildenisov/test-task-ticker-price/domain/aggregator/aggregator.go:36.51,36.65 1 1
github.com/fildenisov/test-task-ticker-price/domain/aggregator/aggregator.go:39.54,40.31 1 1
github.com/fildenisov/test-task-ticker-price/domain/aggregator/aggregator.go:44.2,44.12 1 1
github.com/fildenisov/test-task-ticker-price/domain/aggregator/aggregator.go:40.31,42.3 1 1
github.com/fildenisov/test-task-ticker-price/domain/aggregator/aggregator.go:48.98,56.2 5 2
github.com/fildenisov/test-task-ticker-price/domain/aggregator/aggregator.go:59.77,60.14 1 3
github.com/fildenisov/test-task-ticker-price/domain/aggregator/aggregator.go:65.2,70.9 4 2
github.com/fildenisov/test-task-ticker-price/domain/aggregator/aggregator.go:76.2,76.20 1 1
github.com/fildenisov/test-task-ticker-price/domain/aggregator/aggregator.go:81.2,88.27 5 1
github.com/fildenisov/test-task-ticker-price/domain/aggregator/aggregator.go:101.2,101.18 1 1
github.com/fildenisov/test-task-ticker-price/domain/aggregator/aggregator.go:60.14,62.3 1 1
github.com/fildenisov/test-task-ticker-price/domain/aggregator/aggregator.go:70.9,73.3 2 1
github.com/fildenisov/test-task-ticker-price/domain/aggregator/aggregator.go:76.20,78.3 1 1
github.com/fildenisov/test-task-ticker-price/domain/aggregator/aggregator.go:88.27,89.22 1 15
github.com/fildenisov/test-task-ticker-price/domain/aggregator/aggregator.go:94.3,98.16 2 15
github.com/fildenisov/test-task-ticker-price/domain/aggregator/aggregator.go:89.22,92.4 1 1
github.com/fildenisov/test-task-ticker-price/domain/aggregator/aggregator.go:105.53,110.9 4 2
github.com/fildenisov/test-task-ticker-price/domain/aggregator/aggregator.go:115.2,115.11 1 2
github.com/fildenisov/test-task-ticker-price/domain/aggregator/aggregator.go:110.9,114.3 3 1
github.com/fildenisov/test-task-ticker-price/models/stream.go:13.33,13.53 1 4
github.com/fildenisov/test-task-ticker-price/cmd/http/main.go:19.13,21.2 1 1
github.com/fildenisov/test-task-ticker-price/cmd/http/main.go:22.13,27.106 4 0
github.com/fildenisov/test-task-ticker-price/cmd/http/main.go:31.2,35.52 4 0
github.com/fildenisov/test-task-ticker-price/cmd/http/main.go:39.2,48.50 7 0
github.com/fildenisov/test-task-ticker-price/cmd/http/main.go:52.2,52.35 1 0
github.com/fildenisov/test-task-ticker-price/cmd/http/main.go:27.106,29.3 1 0
github.com/fildenisov/test-task-ticker-price/cmd/http/main.go:35.52,37.3 1 0
github.com/fildenisov/test-task-ticker-price/cmd/http/main.go:48.50,50.3 1 0
