mode: atomic
github.com/fildenisov/test-task-ticker-price/internal/app/app.go:34.27,42.2 2 0
github.com/fildenisov/test-task-ticker-price/internal/app/app.go:45.48,54.42 5 0
github.com/fildenisov/test-task-ticker-price/internal/app/app.go:68.2,69.12 2 0
github.com/fildenisov/test-task-ticker-price/internal/app/app.go:81.2,81.9 1 0
github.com/fildenisov/test-task-ticker-price/internal/app/app.go:54.42,56.30 1 0
github.com/fildenisov/test-task-ticker-price/internal/app/app.go:56.30,65.4 3 0
github.com/fildenisov/test-task-ticker-price/internal/app/app.go:69.12,70.30 1 0
github.com/fildenisov/test-task-ticker-price/internal/app/app.go:78.3,78.21 1 0
github.com/fildenisov/test-task-ticker-price/internal/app/app.go:70.30,72.49 2 0
github.com/fildenisov/test-task-ticker-price/internal/app/app.go:72.49,75.5 2 0
github.com/fildenisov/test-task-ticker-price/internal/app/app.go:82.20,83.32 1 0
github.com/fildenisov/test-task-ticker-price/internal/app/app.go:84.22,85.13 1 0
github.com/fildenisov/test-task-ticker-price/internal/app/app.go:86.14,87.13 1 0
github.com/fildenisov/test-task-ticker-price/internal/app/app.go:92.47,96.12 3 0
github.com/fildenisov/test-task-ticker-price/internal/app/app.go:107.2,107.9 1 0
github.com/fildenisov/test-task-ticker-price/internal/app/app.go:96.12,98.30 2 0
github.com/fildenisov/test-task-ticker-price/internal/app/app.go:104.3,104.21 1 0
github.com/fildenisov/test-task-ticker-price/internal/app/app.go:98.30,100.48 2 0
github.com/fildenisov/test-task-ticker-price/internal/app/app.go:100.48,102.5 1 0
github.com/fildenisov/test-task-ticker-price/internal/app/app.go:108.20,109.35 1 0
github.com/fildenisov/test-task-ticker-price/internal/app/app.go:110.22,111.17 1 0
github.com/fildenisov/test-task-ticker-price/internal/app/app.go:114.3,114.13 1 0
github.com/fildenisov/test-task-ticker-price/internal/app/app.go:111.17,113.4 1 0
github.com/fildenisov/test-task-ticker-price/domain/aggregator/bar.go:21.39,23.16 2 8002
github.com/fildenisov/test-task-ticker-price/domain/aggregator/bar.go:28.2,31.12 3 8001
github.com/fildenisov/test-task-ticker-price/domain/aggregator/bar.go:23.16,25.3 1 1
github.com/fildenisov/test-task-ticker-price/domain/aggregator/bar.go:47.80,58.2 3 4
github.com/fildenisov/test-task-ticker-price/domain/aggregator/bar.go:61.36,66.32 2 37
github.com/fildenisov/test-task-ticker-price/domain/aggregator/bar.go:72.2,72.32 1 37
github.com/fildenisov/test-task-ticker-price/domain/aggregator/bar.go:76.2,76.27 1 37
github.com/fildenisov/test-task-ticker-price/domain/aggregator/bar.go:66.32,68.3 1 2
github.com/fildenisov/test-task-ticker-price/domain/aggregator/bar.go:68.8,70.3 1 35
github.com/fildenisov/test-task-ticker-price/domain/aggregator/bar.go:72.32,74.3 1 35
github.com/fildenisov/test-task-ticker-price/domain/aggregator/bar.go:80.36,83.32 2 8033
github.com/fildenisov/test-task-ticker-price/domain/aggregator/bar.go:100.2,100.12 1 4
github.com/fildenisov/test-task-ticker-price/domain/aggregator/bar.go:83.32,84.14 1 9041
github.com/fildenisov/test-task-ticker-price/domain/aggregator/bar.go:89.3,89.30 1 9041
github.com/fildenisov/test-task-ticker-price/domain/aggregator/bar.go:94.3,94.29 1 1045
github.com/fildenisov/test-task-ticker-price/domain/aggregator/bar.go:97.3,97.8 1 1012
github.com/fildenisov/test-task-ticker-price/domain/aggregator/bar.go:84.14,86.4 1 372
github.com/fildenisov/test-task-ticker-price/domain/aggregator/bar.go:89.30,91.4 1 7996
github.com/fildenisov/test-task-ticker-price/domain/aggregator/bar.go:94.29,96.4 1 33
github.com/fildenisov/test-task-ticker-price/domain/aggregator/bar.go:103.78,104.25 1 4
github.com/fildenisov/test-task-ticker-price/domain/aggregator/bar.go:104.25,109.15 5 8000
github.com/fildenisov/test-task-ticker-price/domain/aggregator/bar.go:113.3,116.17 3 8000
github.com/fildenisov/test-task-ticker-price/domain/aggregator/bar.go:109.15,111.4 1 22
github.com/fildenisov/test-task-ticker-price/domain/aggregator/bar.go:116.17,123.4 2 0
github.com/fildenisov/test-task-ticker-price/domain/aggregator/bar.go:128.31,130.12 2 4
github.com/fildenisov/test-task-ticker-price/domain/aggregator/bar.go:130.12,132.7 2 4
github.com/fildenisov/test-task-ticker-price/domain/aggregator/bar.go:132.7,133.11 1 37
github.com/fildenisov/test-task-ticker-price/domain/aggregator/bar.go:134.23,135.11 1 4
github.com/fildenisov/test-task-ticker-price/domain/aggregator/bar.go:136.25,140.34 4 33
github.com/fildenisov/test-task-ticker-price/domain/aggregator/bar.go:143.5,143.16 1 33
github.com/fildenisov/test-task-ticker-price/domain/aggregator/bar.go:140.34,142.6 1 15
github.com/fildenisov/test-task-ticker-price/domain/aggregator/bar.go:149.30,152.2 2 4
github.com/fildenisov/test-task-ticker-price/delivery/http/http.go:25.50,40.2 3 0
github.com/fildenisov/test-task-ticker-price/delivery/http/http.go:43.51,49.12 5 0
github.com/fildenisov/test-task-ticker-price/delivery/http/http.go:55.2,55.9 1 0
github.com/fildenisov/test-task-ticker-price/delivery/http/http.go:49.12,50.84 1 0
github.com/fildenisov/test-task-ticker-price/delivery/http/http.go:50.84,52.4 1 0
github.com/fildenisov/test-task-ticker-price/delivery/http/http.go:56.22,57.13 1 0
github.com/fildenisov/test-task-ticker-price/delivery/http/http.go:58.40,59.13 1 0
github.com/fildenisov/test-task-ticker-price/delivery/http/http.go:64.46,67.12 3 0
github.com/fildenisov/test-task-ticker-price/delivery/http/http.go:73.2,73.9 1 0
github.com/fildenisov/test-task-ticker-price/delivery/http/http.go:67.12,68.42 1 0
github.com/fildenisov/test-task-ticker-price/delivery/http/http.go:68.42,70.4 1 0
github.com/fildenisov/test-task-ticker-price/delivery/http/http.go:74.22,75.13 1 0
github.com/fildenisov/test-task-ticker-price/delivery/http/http.go:76.39,77.13 1 0
github.com/fildenisov/test-task-ticker-price/delivery/http/utils.go:8.75,11.16 2 0
github.com/fildenisov/test-task-ticker-price/delivery/http/utils.go:15.2,15.39 1 0
github.com/fildenisov/test-task-ticker-price/delivery/http/utils.go:19.2,19.12 1 0
github.com/fildenisov/test-task-ticker-price/delivery/http/utils.go:11.16,13.3 1 0
github.com/fildenisov/test-task-ticker-price/delivery/http/utils.go:15.39,17.3 1 0
github.com/fildenisov/test-task-ticker-price/delivery/http/bars.go:18.45,23.16 4 0
github.com/fildenisov/test-task-ticker-price/delivery/http/bars.go:27.2,29.9 2 0
github.com/fildenisov/test-task-ticker-price/delivery/http/bars.go:33.2,34.23 2 0
github.com/fildenisov/test-task-ticker-price/delivery/http/bars.go:41.2,41.47 1 0
github.com/fildenisov/test-task-ticker-price/delivery/http/bars.go:23.16,25.3 1 0
github.com/fildenisov/test-task-ticker-price/delivery/http/bars.go:29.9,31.3 1 0
github.com/fildenisov/test-task-ticker-price/delivery/http/bars.go:34.23,39.3 1 0
github.com/fildenisov/test-task-ticker-price/models/stream.go:13.33,13.53 1 4
github.com/fildenisov/test-task-ticker-price/delivery/http/health.go:19.47,26.2 2 0
github.com/fildenisov/test-task-ticker-price/delivery/http/middleware.go:9.35,11.2 1 0
github.com/fildenisov/test-task-ticker-price/delivery/http/middleware.go:13.70,14.40 1 0
github.com/fildenisov/test-task-ticker-price/delivery/http/middleware.go:14.40,21.22 3 0
github.com/fildenisov/test-task-ticker-price/delivery/http/middleware.go:25.3,26.18 2 0
github.com/fildenisov/test-task-ticker-price/delivery/http/middleware.go:21.22,23.4 1 0
github.com/fildenisov/test-task-ticker-price/delivery/http/route.go:10.30,14.2 3 0
github.com/fildenisov/test-task-ticker-price/cmd/http/main.go:19.13,21.2 1 1
github.com/fildenisov/test-task-ticker-price/cmd/http/main.go:22.13,27.106 4 0
github.com/fildenisov/test-task-ticker-price/cmd/http/main.go:31.2,35.52 4 0
github.com/fildenisov/test-task-ticker-price/cmd/http/main.go:39.2,48.50 7 0
github.com/fildenisov/test-task-ticker-price/cmd/http/main.go:52.2,52.35 1 0
github.com/fildenisov/test-task-ticker-price/cmd/http/main.go:27.106,29.3 1 0
github.com/fildenisov/test-task-ticker-price/cmd/http/main.go:35.52,37.3 1 0
github.com/fildenisov/test-task-ticker-price/cmd/http/main.go:48.50,50.3 1 0
github.com/fildenisov/test-task-ticker-price/domain/aggregator/aggregator.go:26.34,35.2 2 1
github.com/fildenisov/test-task-ticker-price/domain/aggregator/aggregator.go:38.51,38.65 1 1
github.com/fildenisov/test-task-ticker-price/domain/aggregator/aggregator.go:41.54,42.31 1 1
github.com/fildenisov/test-task-ticker-price/domain/aggregator/aggregator.go:46.2,46.12 1 1
github.com/fildenisov/test-task-ticker-price/domain/aggregator/aggregator.go:42.31,44.3 1 1
github.com/fildenisov/test-task-ticker-price/domain/aggregator/aggregator.go:50.98,58.2 5 2
github.com/fildenisov/test-task-ticker-price/domain/aggregator/aggregator.go:61.77,62.14 1 3
github.com/fildenisov/test-task-ticker-price/domain/aggregator/aggregator.go:67.2,72.9 4 2
github.com/fildenisov/test-task-ticker-price/domain/aggregator/aggregator.go:78.2,78.20 1 1
github.com/fildenisov/test-task-ticker-price/domain/aggregator/aggregator.go:83.2,90.27 5 1
github.com/fildenisov/test-task-ticker-price/domain/aggregator/aggregator.go:103.2,103.18 1 1
github.com/fildenisov/test-task-ticker-price/domain/aggregator/aggregator.go:62.14,64.3 1 1
github.com/fildenisov/test-task-ticker-price/domain/aggregator/aggregator.go:72.9,75.3 2 1
github.com/fildenisov/test-task-ticker-price/domain/aggregator/aggregator.go:78.20,80.3 1 1
github.com/fildenisov/test-task-ticker-price/domain/aggregator/aggregator.go:90.27,91.22 1 15
github.com/fildenisov/test-task-ticker-price/domain/aggregator/aggregator.go:96.3,100.16 2 15
github.com/fildenisov/test-task-ticker-price/domain/aggregator/aggregator.go:91.22,94.4 1 1
github.com/fildenisov/test-task-ticker-price/domain/aggregator/aggregator.go:107.53,112.9 4 2
github.com/fildenisov/test-task-ticker-price/domain/aggregator/aggregator.go:117.2,117.11 1 2
github.com/fildenisov/test-task-ticker-price/domain/aggregator/aggregator.go:112.9,116.3 3 1
